<!DOCTYPE html PUBLIC "-//W3C//DTD XHTML 1.1//EN" "http://www.w3.org/TR/xhtml11/DTD/xhtml11.dtd">
<html xmlns="http://www.w3.org/1999/xhtml">
<head>
<meta http-equiv="content-type" content="text/html; charset=UTF-8"/>
<title>TestNG Report</title>
<style type="text/css">table {margin-bottom:10px;border-collapse:collapse;empty-cells:show}th,td {border:1px solid #009;padding:.25em .5em}th {vertical-align:bottom}td {vertical-align:top}table a {font-weight:bold}.stripe td {background-color: #E6EBF9}.num {text-align:right}.passedodd td {background-color: #3F3}.passedeven td {background-color: #0A0}.skippedodd td {background-color: #DDD}.skippedeven td {background-color: #CCC}.failedodd td,.attn {background-color: #F33}.failedeven td,.stripe .attn {background-color: #D00}.stacktrace {white-space:pre;font-family:monospace}.totop {font-size:85%;text-align:center;border-bottom:2px solid #000}.invisible {display:none}</style>
</head>
<body>
<table>
<tr><th>Test</th><th># Passed</th><th># Skipped</th><th># Failed</th><th>Time (ms)</th><th>Included Groups</th><th>Excluded Groups</th></tr>
<tr><th colspan="7">Command line suite</th></tr>
<tr><td><a href="#t0">Command line test</a></td><td class="num">0</td><td class="num attn">35</td><td class="num">0</td><td class="num">5,347</td><td></td><td></td></tr>
</table>
<table id='summary'><thead><tr><th>Class</th><th>Method</th><th>Start</th><th>Time (ms)</th></tr></thead><tbody><tr><th colspan="4">Command line suite</th></tr></tbody><tbody id="t0"><tr><th colspan="4">Command line test &#8212; failed (configuration methods)</th></tr><tr class="failedeven"><td rowspan="1">demo.TestNGMultiBrowserDemo</td><td><a href="#m0">setup</a></td><td rowspan="1">1582056527916</td><td rowspan="1">0</td></tr><tr><th colspan="4">Command line test &#8212; skipped (configuration methods)</th></tr><tr class="skippedeven"><td rowspan="5">demo.TestNGMultiBrowserDemo</td><td><a href="#m1">setUpTest</a></td><td rowspan="2">1582056527931</td><td rowspan="2">0</td></tr><tr class="skippedeven"><td><a href="#m2">setUpTest</a></td></tr><tr class="skippedeven"><td><a href="#m3">tearDownTest</a></td><td rowspan="2">1582056533261</td><td rowspan="2">0</td></tr><tr class="skippedeven"><td><a href="#m4">tearDownTest</a></td></tr><tr class="skippedeven"><td><a href="#m5">teardown</a></td><td rowspan="1">1582056533260</td><td rowspan="1">0</td></tr><tr><th colspan="4">Command line test &#8212; skipped</th></tr><tr class="skippedeven"><td rowspan="1">demo.Test1</td><td><a href="#m6">test1</a></td><td rowspan="1">1582056532561</td><td rowspan="1">0</td></tr><tr class="skippedodd"><td rowspan="3">demo.TestNGDependencyDemo</td><td><a href="#m7">test1</a></td><td rowspan="1">1582056533257</td><td rowspan="1">0</td></tr><tr class="skippedodd"><td><a href="#m8">test2</a></td><td rowspan="1">1582056527954</td><td rowspan="1">0</td></tr><tr class="skippedodd"><td><a href="#m9">test3</a></td><td rowspan="1">1582056533251</td><td rowspan="1">0</td></tr><tr class="skippedeven"><td rowspan="4">demo.TestNGGroupsDemo</td><td><a href="#m10">test1</a></td><td rowspan="1">1582056527959</td><td rowspan="1">0</td></tr><tr class="skippedeven"><td><a href="#m11">test2</a></td><td rowspan="1">1582056527959</td><td rowspan="1">0</td></tr><tr class="skippedeven"><td><a href="#m12">test3</a></td><td rowspan="1">1582056527959</td><td rowspan="1">0</td></tr><tr class="skippedeven"><td><a href="#m13">test4</a></td><td rowspan="1">1582056527960</td><td rowspan="1">0</td></tr><tr class="skippedodd"><td rowspan="2">demo.TestNGIgnoreDemo</td><td><a href="#m14">test1</a></td><td rowspan="1">1582056527960</td><td rowspan="1">0</td></tr><tr class="skippedodd"><td><a href="#m15">test2</a></td><td rowspan="1">1582056527960</td><td rowspan="1">0</td></tr><tr class="skippedeven"><td rowspan="1">demo.TestNGMultiBrowserDemo</td><td><a href="#m16">test1</a></td><td rowspan="1">1582056527963</td><td rowspan="1">0</td></tr><tr class="skippedodd"><td rowspan="5">demo.TestNGParallelTestingDemo</td><td><a href="#m17">test1</a></td><td rowspan="3">1582056527967</td><td rowspan="3">0</td></tr><tr class="skippedodd"><td><a href="#m18">test1</a></td></tr><tr class="skippedodd"><td><a href="#m19">test1</a></td></tr><tr class="skippedodd"><td><a href="#m20">test2</a></td><td rowspan="1">1582056527968</td><td rowspan="1">0</td></tr><tr class="skippedodd"><td><a href="#m21">test3</a></td><td rowspan="1">1582056527968</td><td rowspan="1">0</td></tr><tr class="skippedeven"><td rowspan="4">demo.TestNGParametersDemo</td><td><a href="#m22">test1</a></td><td rowspan="1">1582056533258</td><td rowspan="1">0</td></tr><tr class="skippedeven"><td><a href="#m23">test2</a></td><td rowspan="1">1582056533260</td><td rowspan="1">0</td></tr><tr class="skippedeven"><td><a href="#m24">test3</a></td><td rowspan="1">1582056527969</td><td rowspan="1">0</td></tr><tr class="skippedeven"><td><a href="#m25">test4</a></td><td rowspan="1">1582056527969</td><td rowspan="1">0</td></tr><tr class="skippedodd"><td rowspan="3">demo.TestNGPriorityDemo</td><td><a href="#m26">one</a></td><td rowspan="1">1582056527969</td><td rowspan="1">0</td></tr><tr class="skippedodd"><td><a href="#m27">three</a></td><td rowspan="1">1582056533258</td><td rowspan="1">0</td></tr><tr class="skippedodd"><td><a href="#m28">two</a></td><td rowspan="1">1582056533259</td><td rowspan="1">0</td></tr><tr class="skippedeven"><td rowspan="3">demo.TestNGRetryFailedDemo</td><td><a href="#m29">test1</a></td><td rowspan="1">1582056527970</td><td rowspan="1">0</td></tr><tr class="skippedeven"><td><a href="#m30">test2</a></td><td rowspan="1">1582056527970</td><td rowspan="1">0</td></tr><tr class="skippedeven"><td><a href="#m31">test3</a></td><td rowspan="1">1582056527970</td><td rowspan="1">0</td></tr><tr class="skippedodd"><td rowspan="3">listeners.TestNGListenerDemo</td><td><a href="#m32">test1</a></td><td rowspan="1">1582056527961</td><td rowspan="1">0</td></tr><tr class="skippedodd"><td><a href="#m33">test2</a></td><td rowspan="1">1582056527961</td><td rowspan="1">0</td></tr><tr class="skippedodd"><td><a href="#m34">test3</a></td><td rowspan="1">1582056527961</td><td rowspan="1">0</td></tr><tr class="skippedeven"><td rowspan="3">listeners.TestNGListenerDemo2</td><td><a href="#m35">test4</a></td><td rowspan="1">1582056527962</td><td rowspan="1">0</td></tr><tr class="skippedeven"><td><a href="#m36">test5</a></td><td rowspan="1">1582056527962</td><td rowspan="1">0</td></tr><tr class="skippedeven"><td><a href="#m37">test6</a></td><td rowspan="1">1582056527963</td><td rowspan="1">0</td></tr><tr class="skippedodd"><td rowspan="1">test.TestNG_Demo</td><td><a href="#m38">googleSearch</a></td><td rowspan="1">1582056527977</td><td rowspan="1">0</td></tr><tr class="skippedeven"><td rowspan="2">test.TestNG_Demo2</td><td><a href="#m39">googleSearch2</a></td><td rowspan="1">1582056527978</td><td rowspan="1">0</td></tr><tr class="skippedeven"><td><a href="#m40">googleSearch3</a></td><td rowspan="1">1582056527978</td><td rowspan="1">0</td></tr></tbody>
</table>
<h2>Command line test</h2><h3 id="m0">demo.TestNGMultiBrowserDemo#setup</h3><table class="result"><tr><th>Exception</th></tr><tr><td><div class="stacktrace">org.testng.TestNGException: 
Parameter &apos;browserName&apos; is required by BeforeTest on method setup but has not been marked @Optional or defined

... Removed 31 stack frames</div></td></tr></table><p class="totop"><a href="#summary">back to summary</a></p>
<h3 id="m1">demo.TestNGMultiBrowserDemo#setUpTest</h3><table class="result"><tr><th class="invisible"/></tr></table><p class="totop"><a href="#summary">back to summary</a></p>
<h3 id="m2">demo.TestNGMultiBrowserDemo#setUpTest</h3><table class="result"><tr><th class="invisible"/></tr></table><p class="totop"><a href="#summary">back to summary</a></p>
<h3 id="m3">demo.TestNGMultiBrowserDemo#tearDownTest</h3><table class="result"><tr><th class="invisible"/></tr></table><p class="totop"><a href="#summary">back to summary</a></p>
<h3 id="m4">demo.TestNGMultiBrowserDemo#tearDownTest</h3><table class="result"><tr><th class="invisible"/></tr></table><p class="totop"><a href="#summary">back to summary</a></p>
<h3 id="m5">demo.TestNGMultiBrowserDemo#teardown</h3><table class="result"><tr><th class="invisible"/></tr></table><p class="totop"><a href="#summary">back to summary</a></p>
<h3 id="m6">demo.Test1#test1</h3><table class="result"><tr><th>Exception</th></tr><tr><td><div class="stacktrace">org.testng.TestNGException: 
Parameter &apos;browserName&apos; is required by BeforeTest on method setup but has not been marked @Optional or defined

... Removed 31 stack frames</div></td></tr></table><p class="totop"><a href="#summary">back to summary</a></p>
<h3 id="m7">demo.TestNGDependencyDemo#test1</h3><table class="result"><tr><th>Exception</th></tr><tr><td><div class="stacktrace">java.lang.Throwable: Method TestNGDependencyDemo.test1()[pri:0, instance:demo.TestNGDependencyDemo@1b7cc17c] depends on not successfully finished methods
... Removed 28 stack frames</div></td></tr></table><p class="totop"><a href="#summary">back to summary</a></p>
<h3 id="m8">demo.TestNGDependencyDemo#test2</h3><table class="result"><tr><th>Exception</th></tr><tr><td><div class="stacktrace">org.testng.TestNGException: 
Parameter &apos;browserName&apos; is required by BeforeTest on method setup but has not been marked @Optional or defined

... Removed 31 stack frames</div></td></tr></table><p class="totop"><a href="#summary">back to summary</a></p>
<h3 id="m9">demo.TestNGDependencyDemo#test3</h3><table class="result"><tr><th>Exception</th></tr><tr><td><div class="stacktrace">org.testng.TestNGException: 
Parameter &apos;browserName&apos; is required by BeforeTest on method setup but has not been marked @Optional or defined

... Removed 31 stack frames</div></td></tr></table><p class="totop"><a href="#summary">back to summary</a></p>
<h3 id="m10">demo.TestNGGroupsDemo#test1</h3><table class="result"><tr><th>Exception</th></tr><tr><td><div class="stacktrace">org.testng.TestNGException: 
Parameter &apos;browserName&apos; is required by BeforeTest on method setup but has not been marked @Optional or defined

... Removed 31 stack frames</div></td></tr></table><p class="totop"><a href="#summary">back to summary</a></p>
<h3 id="m11">demo.TestNGGroupsDemo#test2</h3><table class="result"><tr><th>Exception</th></tr><tr><td><div class="stacktrace">org.testng.TestNGException: 
Parameter &apos;browserName&apos; is required by BeforeTest on method setup but has not been marked @Optional or defined

... Removed 31 stack frames</div></td></tr></table><p class="totop"><a href="#summary">back to summary</a></p>
<h3 id="m12">demo.TestNGGroupsDemo#test3</h3><table class="result"><tr><th>Exception</th></tr><tr><td><div class="stacktrace">org.testng.TestNGException: 
Parameter &apos;browserName&apos; is required by BeforeTest on method setup but has not been marked @Optional or defined

... Removed 31 stack frames</div></td></tr></table><p class="totop"><a href="#summary">back to summary</a></p>
<h3 id="m13">demo.TestNGGroupsDemo#test4</h3><table class="result"><tr><th>Exception</th></tr><tr><td><div class="stacktrace">org.testng.TestNGException: 
Parameter &apos;browserName&apos; is required by BeforeTest on method setup but has not been marked @Optional or defined

... Removed 31 stack frames</div></td></tr></table><p class="totop"><a href="#summary">back to summary</a></p>
<h3 id="m14">demo.TestNGIgnoreDemo#test1</h3><table class="result"><tr><th>Exception</th></tr><tr><td><div class="stacktrace">org.testng.TestNGException: 
Parameter &apos;browserName&apos; is required by BeforeTest on method setup but has not been marked @Optional or defined

... Removed 31 stack frames</div></td></tr></table><p class="totop"><a href="#summary">back to summary</a></p>
<h3 id="m15">demo.TestNGIgnoreDemo#test2</h3><table class="result"><tr><th>Exception</th></tr><tr><td><div class="stacktrace">org.testng.TestNGException: 
Parameter &apos;browserName&apos; is required by BeforeTest on method setup but has not been marked @Optional or defined

... Removed 31 stack frames</div></td></tr></table><p class="totop"><a href="#summary">back to summary</a></p>
<h3 id="m16">demo.TestNGMultiBrowserDemo#test1</h3><table class="result"><tr><th>Exception</th></tr><tr><td><div class="stacktrace">org.testng.TestNGException: 
Parameter &apos;browserName&apos; is required by BeforeTest on method setup but has not been marked @Optional or defined

... Removed 31 stack frames</div></td></tr></table><p class="totop"><a href="#summary">back to summary</a></p>
<h3 id="m17">demo.TestNGParallelTestingDemo#test1</h3><table class="result"><tr><th>Exception</th></tr><tr><td><div class="stacktrace">org.testng.TestNGException: 
Parameter &apos;browserName&apos; is required by BeforeTest on method setup but has not been marked @Optional or defined

... Removed 31 stack frames</div></td></tr></table><p class="totop"><a href="#summary">back to summary</a></p>
<h3 id="m18">demo.TestNGParallelTestingDemo#test1</h3><table class="result"><tr><th>Exception</th></tr><tr><td><div class="stacktrace">org.testng.TestNGException: 
Parameter &apos;browserName&apos; is required by BeforeTest on method setup but has not been marked @Optional or defined

... Removed 31 stack frames</div></td></tr></table><p class="totop"><a href="#summary">back to summary</a></p>
<h3 id="m19">demo.TestNGParallelTestingDemo#test1</h3><table class="result"><tr><th>Exception</th></tr><tr><td><div class="stacktrace">org.testng.TestNGException: 
Parameter &apos;browserName&apos; is required by BeforeTest on method setup but has not been marked @Optional or defined

... Removed 31 stack frames</div></td></tr></table><p class="totop"><a href="#summary">back to summary</a></p>
<h3 id="m20">demo.TestNGParallelTestingDemo#test2</h3><table class="result"><tr><th>Exception</th></tr><tr><td><div class="stacktrace">org.testng.TestNGException: 
Parameter &apos;browserName&apos; is required by BeforeTest on method setup but has not been marked @Optional or defined

... Removed 31 stack frames</div></td></tr></table><p class="totop"><a href="#summary">back to summary</a></p>
<h3 id="m21">demo.TestNGParallelTestingDemo#test3</h3><table class="result"><tr><th>Exception</th></tr><tr><td><div class="stacktrace">org.testng.TestNGException: 
Parameter &apos;browserName&apos; is required by BeforeTest on method setup but has not been marked @Optional or defined

... Removed 31 stack frames</div></td></tr></table><p class="totop"><a href="#summary">back to summary</a></p>
<h3 id="m22">demo.TestNGParametersDemo#test1</h3><table class="result"><tr><th>Exception</th></tr><tr><td><div class="stacktrace">java.lang.Throwable: Method TestNGParametersDemo.test1(java.lang.String)[pri:1, instance:demo.TestNGParametersDemo@1a482e36] depends on not successfully finished methods in group &quot;smoke.*&quot;
... Removed 28 stack frames</div></td></tr></table><p class="totop"><a href="#summary">back to summary</a></p>
<h3 id="m23">demo.TestNGParametersDemo#test2</h3><table class="result"><tr><th>Exception</th></tr><tr><td><div class="stacktrace">org.testng.TestNGException: 
Parameter &apos;browserName&apos; is required by BeforeTest on method setup but has not been marked @Optional or defined

... Removed 31 stack frames</div></td></tr></table><p class="totop"><a href="#summary">back to summary</a></p>
<h3 id="m24">demo.TestNGParametersDemo#test3</h3><table class="result"><tr><th>Exception</th></tr><tr><td><div class="stacktrace">org.testng.TestNGException: 
Parameter &apos;browserName&apos; is required by BeforeTest on method setup but has not been marked @Optional or defined

... Removed 31 stack frames</div></td></tr></table><p class="totop"><a href="#summary">back to summary</a></p>
<h3 id="m25">demo.TestNGParametersDemo#test4</h3><table class="result"><tr><th>Exception</th></tr><tr><td><div class="stacktrace">org.testng.TestNGException: 
Parameter &apos;browserName&apos; is required by BeforeTest on method setup but has not been marked @Optional or defined

... Removed 31 stack frames</div></td></tr></table><p class="totop"><a href="#summary">back to summary</a></p>
<h3 id="m26">demo.TestNGPriorityDemo#one</h3><table class="result"><tr><th>Exception</th></tr><tr><td><div class="stacktrace">org.testng.TestNGException: 
Parameter &apos;browserName&apos; is required by BeforeTest on method setup but has not been marked @Optional or defined

... Removed 31 stack frames</div></td></tr></table><p class="totop"><a href="#summary">back to summary</a></p>
<h3 id="m27">demo.TestNGPriorityDemo#three</h3><table class="result"><tr><th>Exception</th></tr><tr><td><div class="stacktrace">org.testng.TestNGException: 
Parameter &apos;browserName&apos; is required by BeforeTest on method setup but has not been marked @Optional or defined

... Removed 31 stack frames</div></td></tr></table><p class="totop"><a href="#summary">back to summary</a></p>
<h3 id="m28">demo.TestNGPriorityDemo#two</h3><table class="result"><tr><th>Exception</th></tr><tr><td><div class="stacktrace">org.testng.TestNGException: 
Parameter &apos;browserName&apos; is required by BeforeTest on method setup but has not been marked @Optional or defined

... Removed 31 stack frames</div></td></tr></table><p class="totop"><a href="#summary">back to summary</a></p>
<h3 id="m29">demo.TestNGRetryFailedDemo#test1</h3><table class="result"><tr><th>Exception</th></tr><tr><td><div class="stacktrace">org.testng.TestNGException: 
Parameter &apos;browserName&apos; is required by BeforeTest on method setup but has not been marked @Optional or defined

... Removed 31 stack frames</div></td></tr></table><p class="totop"><a href="#summary">back to summary</a></p>
<h3 id="m30">demo.TestNGRetryFailedDemo#test2</h3><table class="result"><tr><th>Exception</th></tr><tr><td><div class="stacktrace">org.testng.TestNGException: 
Parameter &apos;browserName&apos; is required by BeforeTest on method setup but has not been marked @Optional or defined

... Removed 31 stack frames</div></td></tr></table><p class="totop"><a href="#summary">back to summary</a></p>
<h3 id="m31">demo.TestNGRetryFailedDemo#test3</h3><table class="result"><tr><th>Exception</th></tr><tr><td><div class="stacktrace">org.testng.TestNGException: 
Parameter &apos;browserName&apos; is required by BeforeTest on method setup but has not been marked @Optional or defined

... Removed 31 stack frames</div></td></tr></table><p class="totop"><a href="#summary">back to summary</a></p>
<h3 id="m32">listeners.TestNGListenerDemo#test1</h3><table class="result"><tr><th>Exception</th></tr><tr><td><div class="stacktrace">org.testng.TestNGException: 
Parameter &apos;browserName&apos; is required by BeforeTest on method setup but has not been marked @Optional or defined

... Removed 31 stack frames</div></td></tr></table><p class="totop"><a href="#summary">back to summary</a></p>
<h3 id="m33">listeners.TestNGListenerDemo#test2</h3><table class="result"><tr><th>Exception</th></tr><tr><td><div class="stacktrace">org.testng.TestNGException: 
Parameter &apos;browserName&apos; is required by BeforeTest on method setup but has not been marked @Optional or defined

... Removed 31 stack frames</div></td></tr></table><p class="totop"><a href="#summary">back to summary</a></p>
<h3 id="m34">listeners.TestNGListenerDemo#test3</h3><table class="result"><tr><th>Exception</th></tr><tr><td><div class="stacktrace">org.testng.TestNGException: 
Parameter &apos;browserName&apos; is required by BeforeTest on method setup but has not been marked @Optional or defined

... Removed 31 stack frames</div></td></tr></table><p class="totop"><a href="#summary">back to summary</a></p>
<h3 id="m35">listeners.TestNGListenerDemo2#test4</h3><table class="result"><tr><th>Exception</th></tr><tr><td><div class="stacktrace">org.testng.TestNGException: 
Parameter &apos;browserName&apos; is required by BeforeTest on method setup but has not been marked @Optional or defined

... Removed 31 stack frames</div></td></tr></table><p class="totop"><a href="#summary">back to summary</a></p>
<h3 id="m36">listeners.TestNGListenerDemo2#test5</h3><table class="result"><tr><th>Exception</th></tr><tr><td><div class="stacktrace">org.testng.TestNGException: 
Parameter &apos;browserName&apos; is required by BeforeTest on method setup but has not been marked @Optional or defined

... Removed 31 stack frames</div></td></tr></table><p class="totop"><a href="#summary">back to summary</a></p>
<h3 id="m37">listeners.TestNGListenerDemo2#test6</h3><table class="result"><tr><th>Exception</th></tr><tr><td><div class="stacktrace">org.testng.TestNGException: 
Parameter &apos;browserName&apos; is required by BeforeTest on method setup but has not been marked @Optional or defined

... Removed 31 stack frames</div></td></tr></table><p class="totop"><a href="#summary">back to summary</a></p>
<h3 id="m38">test.TestNG_Demo#googleSearch</h3><table class="result"><tr><th>Exception</th></tr><tr><td><div class="stacktrace">org.testng.TestNGException: 
Parameter &apos;browserName&apos; is required by BeforeTest on method setup but has not been marked @Optional or defined

... Removed 31 stack frames</div></td></tr></table><p class="totop"><a href="#summary">back to summary</a></p>
<h3 id="m39">test.TestNG_Demo2#googleSearch2</h3><table class="result"><tr><th>Exception</th></tr><tr><td><div class="stacktrace">org.testng.TestNGException: 
Parameter &apos;browserName&apos; is required by BeforeTest on method setup but has not been marked @Optional or defined

... Removed 31 stack frames</div></td></tr></table><p class="totop"><a href="#summary">back to summary</a></p>
<h3 id="m40">test.TestNG_Demo2#googleSearch3</h3><table class="result"><tr><th>Exception</th></tr><tr><td><div class="stacktrace">org.testng.TestNGException: 
Parameter &apos;browserName&apos; is required by BeforeTest on method setup but has not been marked @Optional or defined

... Removed 31 stack frames</div></td></tr></table><p class="totop"><a href="#summary">back to summary</a></p>
</body>
</html>
